\BOOKMARK [0][-]{chapter.1}{\376\377\0001\000\040\004\041\004\065\004\102\004\065\004\062\004\076\004\071\000\040\004\101\004\065\004\100\004\062\004\065\004\100\000\040\004\076\004\061\004\100\004\060\004\061\004\076\004\102\004\072\004\070\000\040\004\064\004\060\004\075\004\075\004\113\004\105}{}% 1
\BOOKMARK [1][-]{section.1.1}{\376\377\0001\000.\0001\000\040\004\030\004\101\004\077\004\076\004\073\004\114\004\067\004\076\004\062\004\060\004\075\004\070\004\065}{chapter.1}% 2
\BOOKMARK [0][-]{chapter.2}{\376\377\0002\000\040\004\030\004\065\004\100\004\060\004\100\004\105\004\070\004\107\004\065\004\101\004\072\004\070\004\071\000\040\004\101\004\077\004\070\004\101\004\076\004\072\000\040\004\072\004\073\004\060\004\101\004\101\004\076\004\062}{}% 3
\BOOKMARK [1][-]{section.2.1}{\376\377\0002\000.\0001\000\040\004\030\004\065\004\100\004\060\004\100\004\105\004\070\004\117\000\040\004\072\004\073\004\060\004\101\004\101\004\076\004\062}{chapter.2}% 4
\BOOKMARK [0][-]{chapter.3}{\376\377\0003\000\040\004\020\004\073\004\104\004\060\004\062\004\070\004\102\004\075\004\113\004\071\000\040\004\103\004\072\004\060\004\067\004\060\004\102\004\065\004\073\004\114\000\040\004\072\004\073\004\060\004\101\004\101\004\076\004\062}{}% 5
\BOOKMARK [1][-]{section.3.1}{\376\377\0003\000.\0001\000\040\004\032\004\073\004\060\004\101\004\101\004\113}{chapter.3}% 6
\BOOKMARK [0][-]{chapter.4}{\376\377\0004\000\040\004\041\004\077\004\070\004\101\004\076\004\072\000\040\004\104\004\060\004\071\004\073\004\076\004\062}{}% 7
\BOOKMARK [1][-]{section.4.1}{\376\377\0004\000.\0001\000\040\004\044\004\060\004\071\004\073\004\113}{chapter.4}% 8
\BOOKMARK [0][-]{chapter.5}{\376\377\0005\000\040\004\032\004\073\004\060\004\101\004\101\004\113}{}% 9
\BOOKMARK [1][-]{section.5.1}{\376\377\0005\000.\0001\000\040\004\032\004\073\004\060\004\101\004\101\000\040\000a\000u\000t\000h\000\137\000e\000r\000r\000o\000r}{chapter.5}% 10
\BOOKMARK [2][-]{subsection.5.1.1}{\376\377\0005\000.\0001\000.\0001\000\040\004\037\004\076\004\064\004\100\004\076\004\061\004\075\004\076\004\065\000\040\004\076\004\077\004\070\004\101\004\060\004\075\004\070\004\065}{section.5.1}% 11
\BOOKMARK [2][-]{subsection.5.1.2}{\376\377\0005\000.\0001\000.\0002\000\040\004\032\004\076\004\075\004\101\004\102\004\100\004\103\004\072\004\102\004\076\004\100\000\050\004\113\000\051}{section.5.1}% 12
\BOOKMARK [3][-]{subsubsection.5.1.2.1}{\376\377\0005\000.\0001\000.\0002\000.\0001\000\040\000a\000u\000t\000h\000\137\000e\000r\000r\000o\000r\000\050\000\051}{subsection.5.1.2}% 13
\BOOKMARK [1][-]{section.5.2}{\376\377\0005\000.\0002\000\040\004\032\004\073\004\060\004\101\004\101\000\040\000A\000u\000t\000h\000e\000n\000t\000i\000c\000a\000t\000o\000r}{chapter.5}% 14
\BOOKMARK [2][-]{subsection.5.2.1}{\376\377\0005\000.\0002\000.\0001\000\040\004\037\004\076\004\064\004\100\004\076\004\061\004\075\004\076\004\065\000\040\004\076\004\077\004\070\004\101\004\060\004\075\004\070\004\065}{section.5.2}% 15
\BOOKMARK [2][-]{subsection.5.2.2}{\376\377\0005\000.\0002\000.\0002\000\040\004\034\004\065\004\102\004\076\004\064\004\113}{section.5.2}% 16
\BOOKMARK [3][-]{subsubsection.5.2.2.1}{\376\377\0005\000.\0002\000.\0002\000.\0001\000\040\000i\000s\000V\000a\000l\000i\000d\000H\000e\000x\000\050\000\051}{subsection.5.2.2}% 17
\BOOKMARK [3][-]{subsubsection.5.2.2.2}{\376\377\0005\000.\0002\000.\0002\000.\0002\000\040\000v\000e\000r\000i\000f\000y\000\050\000\051}{subsection.5.2.2}% 18
\BOOKMARK [2][-]{subsection.5.2.3}{\376\377\0005\000.\0002\000.\0003\000\040\004\024\004\060\004\075\004\075\004\113\004\065\000\040\004\072\004\073\004\060\004\101\004\101\004\060}{section.5.2}% 19
\BOOKMARK [3][-]{subsubsection.5.2.3.1}{\376\377\0005\000.\0002\000.\0003\000.\0001\000\040\000S\000A\000L\000T\0001\0006\000\137\000L\000E\000N\000G\000T\000H}{subsection.5.2.3}% 20
\BOOKMARK [3][-]{subsubsection.5.2.3.2}{\376\377\0005\000.\0002\000.\0003\000.\0002\000\040\000S\000H\000A\0001\000\137\000H\000E\000X\000\137\000L\000E\000N\000G\000T\000H}{subsection.5.2.3}% 21
\BOOKMARK [1][-]{section.5.3}{\376\377\0005\000.\0003\000\040\004\032\004\073\004\060\004\101\004\101\000\040\000D\000a\000t\000a\000P\000r\000o\000c\000e\000s\000s\000o\000r}{chapter.5}% 22
\BOOKMARK [2][-]{subsection.5.3.1}{\376\377\0005\000.\0003\000.\0001\000\040\004\037\004\076\004\064\004\100\004\076\004\061\004\075\004\076\004\065\000\040\004\076\004\077\004\070\004\101\004\060\004\075\004\070\004\065}{section.5.3}% 23
\BOOKMARK [2][-]{subsection.5.3.2}{\376\377\0005\000.\0003\000.\0002\000\040\004\034\004\065\004\102\004\076\004\064\004\113}{section.5.3}% 24
\BOOKMARK [3][-]{subsubsection.5.3.2.1}{\376\377\0005\000.\0003\000.\0002\000.\0001\000\040\000c\000a\000l\000c\000u\000l\000a\000t\000e\000A\000v\000e\000r\000a\000g\000e\000\050\000\051}{subsection.5.3.2}% 25
\BOOKMARK [1][-]{section.5.4}{\376\377\0005\000.\0004\000\040\004\032\004\073\004\060\004\101\004\101\000\040\000I\000n\000t\000e\000r\000f\000a\000c\000e}{chapter.5}% 26
\BOOKMARK [2][-]{subsection.5.4.1}{\376\377\0005\000.\0004\000.\0001\000\040\004\037\004\076\004\064\004\100\004\076\004\061\004\075\004\076\004\065\000\040\004\076\004\077\004\070\004\101\004\060\004\075\004\070\004\065}{section.5.4}% 27
\BOOKMARK [2][-]{subsection.5.4.2}{\376\377\0005\000.\0004\000.\0002\000\040\004\032\004\076\004\075\004\101\004\102\004\100\004\103\004\072\004\102\004\076\004\100\000\050\004\113\000\051}{section.5.4}% 28
\BOOKMARK [3][-]{subsubsection.5.4.2.1}{\376\377\0005\000.\0004\000.\0002\000.\0001\000\040\000I\000n\000t\000e\000r\000f\000a\000c\000e\000\050\000\051}{subsection.5.4.2}% 29
\BOOKMARK [2][-]{subsection.5.4.3}{\376\377\0005\000.\0004\000.\0003\000\040\004\034\004\065\004\102\004\076\004\064\004\113}{section.5.4}% 30
\BOOKMARK [3][-]{subsubsection.5.4.3.1}{\376\377\0005\000.\0004\000.\0003\000.\0001\000\040\000g\000e\000t\000P\000a\000r\000a\000m\000s\000\050\000\051}{subsection.5.4.3}% 31
\BOOKMARK [3][-]{subsubsection.5.4.3.2}{\376\377\0005\000.\0004\000.\0003\000.\0002\000\040\000P\000a\000r\000s\000e\000r\000\050\000\051}{subsection.5.4.3}% 32
\BOOKMARK [3][-]{subsubsection.5.4.3.3}{\376\377\0005\000.\0004\000.\0003\000.\0003\000\040\000p\000r\000i\000n\000t\000H\000e\000l\000p\000\050\000\051}{subsection.5.4.3}% 33
\BOOKMARK [2][-]{subsection.5.4.4}{\376\377\0005\000.\0004\000.\0004\000\040\004\024\004\060\004\075\004\075\004\113\004\065\000\040\004\072\004\073\004\060\004\101\004\101\004\060}{section.5.4}% 34
\BOOKMARK [3][-]{subsubsection.5.4.4.1}{\376\377\0005\000.\0004\000.\0004\000.\0001\000\040\000d\000e\000s\000c}{subsection.5.4.4}% 35
\BOOKMARK [3][-]{subsubsection.5.4.4.2}{\376\377\0005\000.\0004\000.\0004\000.\0002\000\040\000p\000a\000r\000a\000m\000s}{subsection.5.4.4}% 36
\BOOKMARK [3][-]{subsubsection.5.4.4.3}{\376\377\0005\000.\0004\000.\0004\000.\0003\000\040\000v\000m}{subsection.5.4.4}% 37
\BOOKMARK [1][-]{section.5.5}{\376\377\0005\000.\0005\000\040\004\032\004\073\004\060\004\101\004\101\000\040\000L\000o\000g\000g\000e\000r}{chapter.5}% 38
\BOOKMARK [2][-]{subsection.5.5.1}{\376\377\0005\000.\0005\000.\0001\000\040\004\037\004\076\004\064\004\100\004\076\004\061\004\075\004\076\004\065\000\040\004\076\004\077\004\070\004\101\004\060\004\075\004\070\004\065}{section.5.5}% 39
\BOOKMARK [2][-]{subsection.5.5.2}{\376\377\0005\000.\0005\000.\0002\000\040\004\034\004\065\004\102\004\076\004\064\004\113}{section.5.5}% 40
\BOOKMARK [3][-]{subsubsection.5.5.2.1}{\376\377\0005\000.\0005\000.\0002\000.\0001\000\040\000i\000n\000i\000t\000\050\000\051}{subsection.5.5.2}% 41
\BOOKMARK [3][-]{subsubsection.5.5.2.2}{\376\377\0005\000.\0005\000.\0002\000.\0002\000\040\000l\000o\000g\000E\000r\000r\000o\000r\000\050\000\051}{subsection.5.5.2}% 42
\BOOKMARK [3][-]{subsubsection.5.5.2.3}{\376\377\0005\000.\0005\000.\0002\000.\0003\000\040\000l\000o\000g\000I\000n\000f\000o\000\050\000\051}{subsection.5.5.2}% 43
\BOOKMARK [2][-]{subsection.5.5.3}{\376\377\0005\000.\0005\000.\0003\000\040\004\024\004\060\004\075\004\075\004\113\004\065\000\040\004\072\004\073\004\060\004\101\004\101\004\060}{section.5.5}% 44
\BOOKMARK [3][-]{subsubsection.5.5.3.1}{\376\377\0005\000.\0005\000.\0003\000.\0001\000\040\000l\000o\000g\000P\000a\000t\000h}{subsection.5.5.3}% 45
\BOOKMARK [1][-]{section.5.6}{\376\377\0005\000.\0006\000\040\004\041\004\102\004\100\004\103\004\072\004\102\004\103\004\100\004\060\000\040\000P\000a\000r\000a\000m\000s}{chapter.5}% 46
\BOOKMARK [2][-]{subsection.5.6.1}{\376\377\0005\000.\0006\000.\0001\000\040\004\037\004\076\004\064\004\100\004\076\004\061\004\075\004\076\004\065\000\040\004\076\004\077\004\070\004\101\004\060\004\075\004\070\004\065}{section.5.6}% 47
\BOOKMARK [2][-]{subsection.5.6.2}{\376\377\0005\000.\0006\000.\0002\000\040\004\024\004\060\004\075\004\075\004\113\004\065\000\040\004\072\004\073\004\060\004\101\004\101\004\060}{section.5.6}% 48
\BOOKMARK [3][-]{subsubsection.5.6.2.1}{\376\377\0005\000.\0006\000.\0002\000.\0001\000\040\000d\000b\000F\000i\000l\000e}{subsection.5.6.2}% 49
\BOOKMARK [3][-]{subsubsection.5.6.2.2}{\376\377\0005\000.\0006\000.\0002\000.\0002\000\040\000l\000o\000g\000F\000i\000l\000e}{subsection.5.6.2}% 50
\BOOKMARK [3][-]{subsubsection.5.6.2.3}{\376\377\0005\000.\0006\000.\0002\000.\0003\000\040\000p\000o\000r\000t}{subsection.5.6.2}% 51
\BOOKMARK [1][-]{section.5.7}{\376\377\0005\000.\0007\000\040\004\032\004\073\004\060\004\101\004\101\000\040\000S\000e\000r\000v\000e\000r}{chapter.5}% 52
\BOOKMARK [2][-]{subsection.5.7.1}{\376\377\0005\000.\0007\000.\0001\000\040\004\037\004\076\004\064\004\100\004\076\004\061\004\075\004\076\004\065\000\040\004\076\004\077\004\070\004\101\004\060\004\075\004\070\004\065}{section.5.7}% 53
\BOOKMARK [2][-]{subsection.5.7.2}{\376\377\0005\000.\0007\000.\0002\000\040\004\032\004\076\004\075\004\101\004\102\004\100\004\103\004\072\004\102\004\076\004\100\000\050\004\113\000\051}{section.5.7}% 54
\BOOKMARK [3][-]{subsubsection.5.7.2.1}{\376\377\0005\000.\0007\000.\0002\000.\0001\000\040\000S\000e\000r\000v\000e\000r\000\050\000\051}{subsection.5.7.2}% 55
\BOOKMARK [3][-]{subsubsection.5.7.2.2}{\376\377\0005\000.\0007\000.\0002\000.\0002\000\040\000\040\000S\000e\000r\000v\000e\000r\000\050\000\051}{subsection.5.7.2}% 56
\BOOKMARK [2][-]{subsection.5.7.3}{\376\377\0005\000.\0007\000.\0003\000\040\004\034\004\065\004\102\004\076\004\064\004\113}{section.5.7}% 57
\BOOKMARK [3][-]{subsubsection.5.7.3.1}{\376\377\0005\000.\0007\000.\0003\000.\0001\000\040\000h\000a\000n\000d\000l\000e\000C\000l\000i\000e\000n\000t\000\050\000\051}{subsection.5.7.3}% 58
\BOOKMARK [3][-]{subsubsection.5.7.3.2}{\376\377\0005\000.\0007\000.\0003\000.\0002\000\040\000p\000r\000o\000c\000e\000s\000s\000V\000e\000c\000t\000o\000r\000s\000\050\000\051}{subsection.5.7.3}% 59
\BOOKMARK [3][-]{subsubsection.5.7.3.3}{\376\377\0005\000.\0007\000.\0003\000.\0003\000\040\000r\000e\000a\000d\000T\000e\000x\000t\000M\000e\000s\000s\000a\000g\000e\000\050\000\051}{subsection.5.7.3}% 60
\BOOKMARK [3][-]{subsubsection.5.7.3.4}{\376\377\0005\000.\0007\000.\0003\000.\0004\000\040\000r\000u\000n\000\050\000\051}{subsection.5.7.3}% 61
\BOOKMARK [3][-]{subsubsection.5.7.3.5}{\376\377\0005\000.\0007\000.\0003\000.\0005\000\040\000s\000e\000n\000d\000E\000r\000r\000o\000r\000\050\000\051}{subsection.5.7.3}% 62
\BOOKMARK [3][-]{subsubsection.5.7.3.6}{\376\377\0005\000.\0007\000.\0003\000.\0006\000\040\000s\000t\000a\000r\000t\000L\000i\000s\000t\000e\000n\000i\000n\000g\000\050\000\051}{subsection.5.7.3}% 63
\BOOKMARK [3][-]{subsubsection.5.7.3.7}{\376\377\0005\000.\0007\000.\0003\000.\0007\000\040\000v\000a\000l\000i\000d\000a\000t\000e\000P\000o\000r\000t\000\050\000\051}{subsection.5.7.3}% 64
\BOOKMARK [2][-]{subsection.5.7.4}{\376\377\0005\000.\0007\000.\0004\000\040\004\024\004\060\004\075\004\075\004\113\004\065\000\040\004\072\004\073\004\060\004\101\004\101\004\060}{section.5.7}% 65
\BOOKMARK [3][-]{subsubsection.5.7.4.1}{\376\377\0005\000.\0007\000.\0004\000.\0001\000\040\000a\000u\000t\000h\000e\000n\000t\000i\000c\000a\000t\000o\000r}{subsection.5.7.4}% 66
\BOOKMARK [3][-]{subsubsection.5.7.4.2}{\376\377\0005\000.\0007\000.\0004\000.\0002\000\040\000f\000o\000r\000e\000i\000g\000n\000\137\000a\000d\000d\000r}{subsection.5.7.4}% 67
\BOOKMARK [3][-]{subsubsection.5.7.4.3}{\376\377\0005\000.\0007\000.\0004\000.\0003\000\040\000l\000i\000s\000t\000e\000n\000\137\000s\000o\000c\000k}{subsection.5.7.4}% 68
\BOOKMARK [3][-]{subsubsection.5.7.4.4}{\376\377\0005\000.\0007\000.\0004\000.\0004\000\040\000l\000o\000g\000g\000e\000r}{subsection.5.7.4}% 69
\BOOKMARK [3][-]{subsubsection.5.7.4.5}{\376\377\0005\000.\0007\000.\0004\000.\0005\000\040\000M\000A\000X\000\137\000P\000O\000R\000T}{subsection.5.7.4}% 70
\BOOKMARK [3][-]{subsubsection.5.7.4.6}{\376\377\0005\000.\0007\000.\0004\000.\0006\000\040\000M\000I\000N\000\137\000P\000O\000R\000T}{subsection.5.7.4}% 71
\BOOKMARK [3][-]{subsubsection.5.7.4.7}{\376\377\0005\000.\0007\000.\0004\000.\0007\000\040\000p\000o\000r\000t}{subsection.5.7.4}% 72
\BOOKMARK [3][-]{subsubsection.5.7.4.8}{\376\377\0005\000.\0007\000.\0004\000.\0008\000\040\000p\000r\000o\000c\000e\000s\000s\000o\000r}{subsection.5.7.4}% 73
\BOOKMARK [3][-]{subsubsection.5.7.4.9}{\376\377\0005\000.\0007\000.\0004\000.\0009\000\040\000s\000e\000l\000f\000\137\000a\000d\000d\000r}{subsection.5.7.4}% 74
\BOOKMARK [3][-]{subsubsection.5.7.4.10}{\376\377\0005\000.\0007\000.\0004\000.\0001\0000\000\040\000u\000s\000e\000r\000D\000b}{subsection.5.7.4}% 75
\BOOKMARK [1][-]{section.5.8}{\376\377\0005\000.\0008\000\040\004\032\004\073\004\060\004\101\004\101\000\040\000s\000e\000r\000v\000e\000r\000\137\000e\000r\000r\000o\000r}{chapter.5}% 76
\BOOKMARK [2][-]{subsection.5.8.1}{\376\377\0005\000.\0008\000.\0001\000\040\004\037\004\076\004\064\004\100\004\076\004\061\004\075\004\076\004\065\000\040\004\076\004\077\004\070\004\101\004\060\004\075\004\070\004\065}{section.5.8}% 77
\BOOKMARK [2][-]{subsection.5.8.2}{\376\377\0005\000.\0008\000.\0002\000\040\004\032\004\076\004\075\004\101\004\102\004\100\004\103\004\072\004\102\004\076\004\100\000\050\004\113\000\051}{section.5.8}% 78
\BOOKMARK [3][-]{subsubsection.5.8.2.1}{\376\377\0005\000.\0008\000.\0002\000.\0001\000\040\000s\000e\000r\000v\000e\000r\000\137\000e\000r\000r\000o\000r\000\050\000\051}{subsection.5.8.2}% 79
\BOOKMARK [1][-]{section.5.9}{\376\377\0005\000.\0009\000\040\004\032\004\073\004\060\004\101\004\101\000\040\000U\000s\000e\000r\000D\000a\000t\000a\000b\000a\000s\000e}{chapter.5}% 80
\BOOKMARK [2][-]{subsection.5.9.1}{\376\377\0005\000.\0009\000.\0001\000\040\004\037\004\076\004\064\004\100\004\076\004\061\004\075\004\076\004\065\000\040\004\076\004\077\004\070\004\101\004\060\004\075\004\070\004\065}{section.5.9}% 81
\BOOKMARK [2][-]{subsection.5.9.2}{\376\377\0005\000.\0009\000.\0002\000\040\004\034\004\065\004\102\004\076\004\064\004\113}{section.5.9}% 82
\BOOKMARK [3][-]{subsubsection.5.9.2.1}{\376\377\0005\000.\0009\000.\0002\000.\0001\000\040\000g\000e\000t\000P\000a\000s\000s\000w\000o\000r\000d\000\050\000\051}{subsection.5.9.2}% 83
\BOOKMARK [3][-]{subsubsection.5.9.2.2}{\376\377\0005\000.\0009\000.\0002\000.\0002\000\040\000l\000o\000a\000d\000\050\000\051}{subsection.5.9.2}% 84
\BOOKMARK [2][-]{subsection.5.9.3}{\376\377\0005\000.\0009\000.\0003\000\040\004\024\004\060\004\075\004\075\004\113\004\065\000\040\004\072\004\073\004\060\004\101\004\101\004\060}{section.5.9}% 85
\BOOKMARK [3][-]{subsubsection.5.9.3.1}{\376\377\0005\000.\0009\000.\0003\000.\0001\000\040\000u\000s\000e\000r\000s}{subsection.5.9.3}% 86
\BOOKMARK [1][-]{section.5.10}{\376\377\0005\000.\0001\0000\000\040\004\032\004\073\004\060\004\101\004\101\000\040\000v\000e\000c\000t\000o\000r\000\137\000e\000r\000r\000o\000r}{chapter.5}% 87
\BOOKMARK [2][-]{subsection.5.10.1}{\376\377\0005\000.\0001\0000\000.\0001\000\040\004\037\004\076\004\064\004\100\004\076\004\061\004\075\004\076\004\065\000\040\004\076\004\077\004\070\004\101\004\060\004\075\004\070\004\065}{section.5.10}% 88
\BOOKMARK [2][-]{subsection.5.10.2}{\376\377\0005\000.\0001\0000\000.\0002\000\040\004\032\004\076\004\075\004\101\004\102\004\100\004\103\004\072\004\102\004\076\004\100\000\050\004\113\000\051}{section.5.10}% 89
\BOOKMARK [3][-]{subsubsection.5.10.2.1}{\376\377\0005\000.\0001\0000\000.\0002\000.\0001\000\040\000v\000e\000c\000t\000o\000r\000\137\000e\000r\000r\000o\000r\000\050\000\051}{subsection.5.10.2}% 90
\BOOKMARK [0][-]{chapter.6}{\376\377\0006\000\040\004\044\004\060\004\071\004\073\004\113}{}% 91
\BOOKMARK [1][-]{section.6.1}{\376\377\0006\000.\0001\000\040\004\044\004\060\004\071\004\073\000\040\000i\000n\000c\000l\000u\000d\000e\000/\000A\000u\000t\000h\000e\000n\000t\000i\000c\000a\000t\000o\000r\000.\000h}{chapter.6}% 92
\BOOKMARK [2][-]{subsection.6.1.1}{\376\377\0006\000.\0001\000.\0001\000\040\004\037\004\076\004\064\004\100\004\076\004\061\004\075\004\076\004\065\000\040\004\076\004\077\004\070\004\101\004\060\004\075\004\070\004\065}{section.6.1}% 93
\BOOKMARK [1][-]{section.6.2}{\376\377\0006\000.\0002\000\040\000A\000u\000t\000h\000e\000n\000t\000i\000c\000a\000t\000o\000r\000.\000h}{chapter.6}% 94
\BOOKMARK [1][-]{section.6.3}{\376\377\0006\000.\0003\000\040\004\044\004\060\004\071\004\073\000\040\000i\000n\000c\000l\000u\000d\000e\000/\000D\000a\000t\000a\000P\000r\000o\000c\000e\000s\000s\000o\000r\000.\000h}{chapter.6}% 95
\BOOKMARK [2][-]{subsection.6.3.1}{\376\377\0006\000.\0003\000.\0001\000\040\004\037\004\076\004\064\004\100\004\076\004\061\004\075\004\076\004\065\000\040\004\076\004\077\004\070\004\101\004\060\004\075\004\070\004\065}{section.6.3}% 96
\BOOKMARK [1][-]{section.6.4}{\376\377\0006\000.\0004\000\040\000D\000a\000t\000a\000P\000r\000o\000c\000e\000s\000s\000o\000r\000.\000h}{chapter.6}% 97
\BOOKMARK [1][-]{section.6.5}{\376\377\0006\000.\0005\000\040\004\044\004\060\004\071\004\073\000\040\000i\000n\000c\000l\000u\000d\000e\000/\000I\000n\000t\000e\000r\000f\000a\000c\000e\000.\000h}{chapter.6}% 98
\BOOKMARK [2][-]{subsection.6.5.1}{\376\377\0006\000.\0005\000.\0001\000\040\004\037\004\076\004\064\004\100\004\076\004\061\004\075\004\076\004\065\000\040\004\076\004\077\004\070\004\101\004\060\004\075\004\070\004\065}{section.6.5}% 99
\BOOKMARK [1][-]{section.6.6}{\376\377\0006\000.\0006\000\040\000I\000n\000t\000e\000r\000f\000a\000c\000e\000.\000h}{chapter.6}% 100
\BOOKMARK [1][-]{section.6.7}{\376\377\0006\000.\0007\000\040\004\044\004\060\004\071\004\073\000\040\000i\000n\000c\000l\000u\000d\000e\000/\000L\000o\000g\000g\000e\000r\000.\000h}{chapter.6}% 101
\BOOKMARK [2][-]{subsection.6.7.1}{\376\377\0006\000.\0007\000.\0001\000\040\004\037\004\076\004\064\004\100\004\076\004\061\004\075\004\076\004\065\000\040\004\076\004\077\004\070\004\101\004\060\004\075\004\070\004\065}{section.6.7}% 102
\BOOKMARK [1][-]{section.6.8}{\376\377\0006\000.\0008\000\040\000L\000o\000g\000g\000e\000r\000.\000h}{chapter.6}% 103
\BOOKMARK [1][-]{section.6.9}{\376\377\0006\000.\0009\000\040\004\044\004\060\004\071\004\073\000\040\000i\000n\000c\000l\000u\000d\000e\000/\000S\000e\000r\000v\000e\000r\000.\000h}{chapter.6}% 104
\BOOKMARK [2][-]{subsection.6.9.1}{\376\377\0006\000.\0009\000.\0001\000\040\004\037\004\076\004\064\004\100\004\076\004\061\004\075\004\076\004\065\000\040\004\076\004\077\004\070\004\101\004\060\004\075\004\070\004\065}{section.6.9}% 105
\BOOKMARK [1][-]{section.6.10}{\376\377\0006\000.\0001\0000\000\040\000S\000e\000r\000v\000e\000r\000.\000h}{chapter.6}% 106
\BOOKMARK [1][-]{section.6.11}{\376\377\0006\000.\0001\0001\000\040\004\044\004\060\004\071\004\073\000\040\000i\000n\000c\000l\000u\000d\000e\000/\000U\000s\000e\000r\000D\000a\000t\000a\000b\000a\000s\000e\000.\000h}{chapter.6}% 107
\BOOKMARK [2][-]{subsection.6.11.1}{\376\377\0006\000.\0001\0001\000.\0001\000\040\004\037\004\076\004\064\004\100\004\076\004\061\004\075\004\076\004\065\000\040\004\076\004\077\004\070\004\101\004\060\004\075\004\070\004\065}{section.6.11}% 108
\BOOKMARK [1][-]{section.6.12}{\376\377\0006\000.\0001\0002\000\040\000U\000s\000e\000r\000D\000a\000t\000a\000b\000a\000s\000e\000.\000h}{chapter.6}% 109
\BOOKMARK [1][-]{section.6.13}{\376\377\0006\000.\0001\0003\000\040\004\044\004\060\004\071\004\073\000\040\000s\000r\000c\000/\000A\000u\000t\000h\000e\000n\000t\000i\000c\000a\000t\000o\000r\000.\000c\000p\000p}{chapter.6}% 110
\BOOKMARK [2][-]{subsection.6.13.1}{\376\377\0006\000.\0001\0003\000.\0001\000\040\004\037\004\076\004\064\004\100\004\076\004\061\004\075\004\076\004\065\000\040\004\076\004\077\004\070\004\101\004\060\004\075\004\070\004\065}{section.6.13}% 111
\BOOKMARK [1][-]{section.6.14}{\376\377\0006\000.\0001\0004\000\040\000A\000u\000t\000h\000e\000n\000t\000i\000c\000a\000t\000o\000r\000.\000c\000p\000p}{chapter.6}% 112
\BOOKMARK [1][-]{section.6.15}{\376\377\0006\000.\0001\0005\000\040\004\044\004\060\004\071\004\073\000\040\000s\000r\000c\000/\000D\000a\000t\000a\000P\000r\000o\000c\000e\000s\000s\000o\000r\000.\000c\000p\000p}{chapter.6}% 113
\BOOKMARK [2][-]{subsection.6.15.1}{\376\377\0006\000.\0001\0005\000.\0001\000\040\004\037\004\076\004\064\004\100\004\076\004\061\004\075\004\076\004\065\000\040\004\076\004\077\004\070\004\101\004\060\004\075\004\070\004\065}{section.6.15}% 114
\BOOKMARK [1][-]{section.6.16}{\376\377\0006\000.\0001\0006\000\040\000D\000a\000t\000a\000P\000r\000o\000c\000e\000s\000s\000o\000r\000.\000c\000p\000p}{chapter.6}% 115
\BOOKMARK [1][-]{section.6.17}{\376\377\0006\000.\0001\0007\000\040\004\044\004\060\004\071\004\073\000\040\000s\000r\000c\000/\000I\000n\000t\000e\000r\000f\000a\000c\000e\000.\000c\000p\000p}{chapter.6}% 116
\BOOKMARK [2][-]{subsection.6.17.1}{\376\377\0006\000.\0001\0007\000.\0001\000\040\004\037\004\076\004\064\004\100\004\076\004\061\004\075\004\076\004\065\000\040\004\076\004\077\004\070\004\101\004\060\004\075\004\070\004\065}{section.6.17}% 117
\BOOKMARK [1][-]{section.6.18}{\376\377\0006\000.\0001\0008\000\040\000I\000n\000t\000e\000r\000f\000a\000c\000e\000.\000c\000p\000p}{chapter.6}% 118
\BOOKMARK [1][-]{section.6.19}{\376\377\0006\000.\0001\0009\000\040\004\044\004\060\004\071\004\073\000\040\000s\000r\000c\000/\000L\000o\000g\000g\000e\000r\000.\000c\000p\000p}{chapter.6}% 119
\BOOKMARK [2][-]{subsection.6.19.1}{\376\377\0006\000.\0001\0009\000.\0001\000\040\004\037\004\076\004\064\004\100\004\076\004\061\004\075\004\076\004\065\000\040\004\076\004\077\004\070\004\101\004\060\004\075\004\070\004\065}{section.6.19}% 120
\BOOKMARK [1][-]{section.6.20}{\376\377\0006\000.\0002\0000\000\040\000L\000o\000g\000g\000e\000r\000.\000c\000p\000p}{chapter.6}% 121
\BOOKMARK [1][-]{section.6.21}{\376\377\0006\000.\0002\0001\000\040\004\044\004\060\004\071\004\073\000\040\000s\000r\000c\000/\000m\000a\000i\000n\000.\000c\000p\000p}{chapter.6}% 122
\BOOKMARK [2][-]{subsection.6.21.1}{\376\377\0006\000.\0002\0001\000.\0001\000\040\004\037\004\076\004\064\004\100\004\076\004\061\004\075\004\076\004\065\000\040\004\076\004\077\004\070\004\101\004\060\004\075\004\070\004\065}{section.6.21}% 123
\BOOKMARK [2][-]{subsection.6.21.2}{\376\377\0006\000.\0002\0001\000.\0002\000\040\004\044\004\103\004\075\004\072\004\106\004\070\004\070}{section.6.21}% 124
\BOOKMARK [3][-]{subsubsection.6.21.2.1}{\376\377\0006\000.\0002\0001\000.\0002\000.\0001\000\040\000i\000s\000V\000a\000l\000i\000d\000P\000o\000r\000t\000\050\000\051}{subsection.6.21.2}% 125
\BOOKMARK [3][-]{subsubsection.6.21.2.2}{\376\377\0006\000.\0002\0001\000.\0002\000.\0002\000\040\000m\000a\000i\000n\000\050\000\051}{subsection.6.21.2}% 126
\BOOKMARK [1][-]{section.6.22}{\376\377\0006\000.\0002\0002\000\040\000m\000a\000i\000n\000.\000c\000p\000p}{chapter.6}% 127
\BOOKMARK [1][-]{section.6.23}{\376\377\0006\000.\0002\0003\000\040\004\044\004\060\004\071\004\073\000\040\000s\000r\000c\000/\000S\000e\000r\000v\000e\000r\000.\000c\000p\000p}{chapter.6}% 128
\BOOKMARK [2][-]{subsection.6.23.1}{\376\377\0006\000.\0002\0003\000.\0001\000\040\004\037\004\076\004\064\004\100\004\076\004\061\004\075\004\076\004\065\000\040\004\076\004\077\004\070\004\101\004\060\004\075\004\070\004\065}{section.6.23}% 129
\BOOKMARK [2][-]{subsection.6.23.2}{\376\377\0006\000.\0002\0003\000.\0002\000\040\004\034\004\060\004\072\004\100\004\076\004\101\004\113}{section.6.23}% 130
\BOOKMARK [3][-]{subsubsection.6.23.2.1}{\376\377\0006\000.\0002\0003\000.\0002\000.\0001\000\040\000A\000U\000T\000H\000\137\000D\000A\000T\000A\000\137\000L\000E\000N\000G\000T\000H}{subsection.6.23.2}% 131
\BOOKMARK [3][-]{subsubsection.6.23.2.2}{\376\377\0006\000.\0002\0003\000.\0002\000.\0002\000\040\000B\000U\000F\000L\000E\000N}{subsection.6.23.2}% 132
\BOOKMARK [3][-]{subsubsection.6.23.2.3}{\376\377\0006\000.\0002\0003\000.\0002\000.\0003\000\040\000Q\000L\000E\000N}{subsection.6.23.2}% 133
\BOOKMARK [1][-]{section.6.24}{\376\377\0006\000.\0002\0004\000\040\000S\000e\000r\000v\000e\000r\000.\000c\000p\000p}{chapter.6}% 134
\BOOKMARK [1][-]{section.6.25}{\376\377\0006\000.\0002\0005\000\040\004\044\004\060\004\071\004\073\000\040\000s\000r\000c\000/\000U\000s\000e\000r\000D\000a\000t\000a\000b\000a\000s\000e\000.\000c\000p\000p}{chapter.6}% 135
\BOOKMARK [2][-]{subsection.6.25.1}{\376\377\0006\000.\0002\0005\000.\0001\000\040\004\037\004\076\004\064\004\100\004\076\004\061\004\075\004\076\004\065\000\040\004\076\004\077\004\070\004\101\004\060\004\075\004\070\004\065}{section.6.25}% 136
\BOOKMARK [1][-]{section.6.26}{\376\377\0006\000.\0002\0006\000\040\000U\000s\000e\000r\000D\000a\000t\000a\000b\000a\000s\000e\000.\000c\000p\000p}{chapter.6}% 137
\BOOKMARK [0][-]{section*.54}{\376\377\004\037\004\100\004\065\004\064\004\074\004\065\004\102\004\075\004\113\004\071\000\040\004\103\004\072\004\060\004\067\004\060\004\102\004\065\004\073\004\114}{}% 138
